<?xml version="1.0" encoding="UTF-8"?>
<!-- Generated by org.testng.reporters.JUnitReportReporter -->
<testsuite hostname="DESKTOP-LLLGMOJ" failures="0" tests="3" name="runner.TestRunner" time="22.462" errors="0" timestamp="2023-09-11T08:43:50 IST" skipped="0">
  <testcase classname="runner.TestRunner" name="runScenario" time="8.659"/>
  <system-out/>
  <testcase classname="runner.TestRunner" name="runScenario" time="6.331"/>
  <system-out/>
  <testcase classname="runner.TestRunner" name="runScenario" time="7.472"/>
  <system-out/>
</testsuite> <!-- runner.TestRunner -->
